2021-10-06 20:10:54 [INFO ]  ======================================== 2021-10-06 20:10:54 ========================================
2021-10-06 20:10:54 [INFO ]  Base directory is ./results/distill_basic/MNIST/arch(LeNet,xavier,1.0)_distillLR0.02_E(100,40,0.5)_lr0.01_B1x10x3_train(unknown_init)
2021-10-06 20:10:54 [INFO ]  Options: 
2021-10-06 20:10:54 [INFO ]  	arch: LeNet
2021-10-06 20:10:54 [INFO ]  	attack_class: 0
2021-10-06 20:10:54 [INFO ]  	base_seed: 100
2021-10-06 20:10:54 [INFO ]  	batch_size: 1024
2021-10-06 20:10:54 [INFO ]  	checkpoint_interval: 10
2021-10-06 20:10:54 [INFO ]  	dataset: MNIST
2021-10-06 20:10:54 [INFO ]  	dataset_labels:
2021-10-06 20:10:54 [INFO ]  	- 0
2021-10-06 20:10:54 [INFO ]  	- 1
2021-10-06 20:10:54 [INFO ]  	- 2
2021-10-06 20:10:54 [INFO ]  	- 3
2021-10-06 20:10:54 [INFO ]  	- 4
2021-10-06 20:10:54 [INFO ]  	- 5
2021-10-06 20:10:54 [INFO ]  	- 6
2021-10-06 20:10:54 [INFO ]  	- 7
2021-10-06 20:10:54 [INFO ]  	- 8
2021-10-06 20:10:54 [INFO ]  	- 9
2021-10-06 20:10:54 [INFO ]  	dataset_normalization: !!python/tuple
2021-10-06 20:10:54 [INFO ]  	- !!python/tuple
2021-10-06 20:10:54 [INFO ]  	    - 0.1307
2021-10-06 20:10:54 [INFO ]  	- !!python/tuple
2021-10-06 20:10:54 [INFO ]  	    - 0.3081
2021-10-06 20:10:54 [INFO ]  	dataset_root: ./data/mnist
2021-10-06 20:10:54 [INFO ]  	decay_epochs: 40
2021-10-06 20:10:54 [INFO ]  	decay_factor: 0.5
2021-10-06 20:10:54 [INFO ]  	device_id: 0
2021-10-06 20:10:54 [INFO ]  	distill_epochs: 3
2021-10-06 20:10:54 [INFO ]  	distill_lr: 0.02
2021-10-06 20:10:54 [INFO ]  	distill_steps: 10
2021-10-06 20:10:54 [INFO ]  	distilled_images_per_class_per_step: 1
2021-10-06 20:10:54 [INFO ]  	distributed: false
2021-10-06 20:10:54 [INFO ]  	dropout: false
2021-10-06 20:10:54 [INFO ]  	epochs: 100
2021-10-06 20:10:54 [INFO ]  	expr_name_format: null
2021-10-06 20:10:54 [INFO ]  	image_dpi: 80
2021-10-06 20:10:54 [INFO ]  	init: xavier
2021-10-06 20:10:54 [INFO ]  	init_param: 1.0
2021-10-06 20:10:54 [INFO ]  	input_size: 28
2021-10-06 20:10:54 [INFO ]  	log_file: ./results/distill_basic/MNIST/arch(LeNet,xavier,1.0)_distillLR0.02_E(100,40,0.5)_lr0.01_B1x10x3_train(unknown_init)/output.log
2021-10-06 20:10:54 [INFO ]  	log_interval: 100
2021-10-06 20:10:54 [INFO ]  	log_level: INFO
2021-10-06 20:10:54 [INFO ]  	lr: 0.01
2021-10-06 20:10:54 [INFO ]  	mode: distill_basic
2021-10-06 20:10:54 [INFO ]  	model_dir: ./models/
2021-10-06 20:10:54 [INFO ]  	model_subdir_format: null
2021-10-06 20:10:54 [INFO ]  	n_nets: 1
2021-10-06 20:10:54 [INFO ]  	nc: 1
2021-10-06 20:10:54 [INFO ]  	no_log: false
2021-10-06 20:10:54 [INFO ]  	num_classes: 10
2021-10-06 20:10:54 [INFO ]  	num_workers: 8
2021-10-06 20:10:54 [INFO ]  	phase: train
2021-10-06 20:10:54 [INFO ]  	results_dir: ./results/
2021-10-06 20:10:54 [INFO ]  	sample_n_nets: 1
2021-10-06 20:10:54 [INFO ]  	source_dataset: null
2021-10-06 20:10:54 [INFO ]  	start_time: '2021-10-06 20:10:54'
2021-10-06 20:10:54 [INFO ]  	target_class: 1
2021-10-06 20:10:54 [INFO ]  	test_batch_size: 1024
2021-10-06 20:10:54 [INFO ]  	test_distill_epochs: null
2021-10-06 20:10:54 [INFO ]  	test_distilled_images: loaded
2021-10-06 20:10:54 [INFO ]  	test_distilled_lrs:
2021-10-06 20:10:54 [INFO ]  	- loaded
2021-10-06 20:10:54 [INFO ]  	test_n_nets: 1
2021-10-06 20:10:54 [INFO ]  	test_n_runs: 1
2021-10-06 20:10:54 [INFO ]  	test_name_format: null
2021-10-06 20:10:54 [INFO ]  	test_nets_type: unknown_init
2021-10-06 20:10:54 [INFO ]  	test_niter: 1
2021-10-06 20:10:54 [INFO ]  	test_optimize_n_nets: 20
2021-10-06 20:10:54 [INFO ]  	test_optimize_n_runs: null
2021-10-06 20:10:54 [INFO ]  	train_nets_type: unknown_init
2021-10-06 20:10:54 [INFO ]  	world_rank: 0
2021-10-06 20:10:54 [INFO ]  	world_size: 1
2021-10-06 20:10:54 [INFO ]  	
2021-10-06 20:10:55 [INFO ]  train dataset size:	60000
2021-10-06 20:10:55 [INFO ]  test dataset size: 	10000
2021-10-06 20:10:55 [INFO ]  datasets built!
2021-10-06 20:10:55 [INFO ]  mode: distill_basic, phase: train
2021-10-06 20:10:55 [INFO ]  Build 1 LeNet network(s) with [xavier(1.0)] init
2021-10-06 20:10:57 [INFO ]  Build 1 LeNet network(s) with [xavier(1.0)] init
2021-10-06 20:10:57 [INFO ]  Train 10 steps iterated for 3 epochs
2021-10-06 20:15:49 [INFO ]  ======================================== 2021-10-06 20:15:49 ========================================
2021-10-06 20:15:49 [INFO ]  Base directory is ./results/distill_basic/MNIST/arch(LeNet,xavier,1.0)_distillLR0.02_E(100,40,0.5)_lr0.01_B1x10x3_train(unknown_init)
2021-10-06 20:15:49 [INFO ]  Options: 
2021-10-06 20:15:49 [INFO ]  	arch: LeNet
2021-10-06 20:15:49 [INFO ]  	attack_class: 0
2021-10-06 20:15:49 [INFO ]  	base_seed: 100
2021-10-06 20:15:49 [INFO ]  	batch_size: 1024
2021-10-06 20:15:49 [INFO ]  	checkpoint_interval: 10
2021-10-06 20:15:49 [INFO ]  	dataset: MNIST
2021-10-06 20:15:49 [INFO ]  	dataset_labels:
2021-10-06 20:15:49 [INFO ]  	- 0
2021-10-06 20:15:49 [INFO ]  	- 1
2021-10-06 20:15:49 [INFO ]  	- 2
2021-10-06 20:15:49 [INFO ]  	- 3
2021-10-06 20:15:49 [INFO ]  	- 4
2021-10-06 20:15:49 [INFO ]  	- 5
2021-10-06 20:15:49 [INFO ]  	- 6
2021-10-06 20:15:49 [INFO ]  	- 7
2021-10-06 20:15:49 [INFO ]  	- 8
2021-10-06 20:15:49 [INFO ]  	- 9
2021-10-06 20:15:49 [INFO ]  	dataset_normalization: !!python/tuple
2021-10-06 20:15:49 [INFO ]  	- !!python/tuple
2021-10-06 20:15:49 [INFO ]  	    - 0.1307
2021-10-06 20:15:49 [INFO ]  	- !!python/tuple
2021-10-06 20:15:49 [INFO ]  	    - 0.3081
2021-10-06 20:15:49 [INFO ]  	dataset_root: ./data/mnist
2021-10-06 20:15:49 [INFO ]  	decay_epochs: 40
2021-10-06 20:15:49 [INFO ]  	decay_factor: 0.5
2021-10-06 20:15:49 [INFO ]  	device_id: 0
2021-10-06 20:15:49 [INFO ]  	distill_epochs: 3
2021-10-06 20:15:49 [INFO ]  	distill_lr: 0.02
2021-10-06 20:15:49 [INFO ]  	distill_steps: 10
2021-10-06 20:15:49 [INFO ]  	distilled_images_per_class_per_step: 1
2021-10-06 20:15:49 [INFO ]  	distributed: false
2021-10-06 20:15:49 [INFO ]  	dropout: false
2021-10-06 20:15:49 [INFO ]  	epochs: 100
2021-10-06 20:15:49 [INFO ]  	expr_name_format: null
2021-10-06 20:15:49 [INFO ]  	image_dpi: 80
2021-10-06 20:15:49 [INFO ]  	init: xavier
2021-10-06 20:15:49 [INFO ]  	init_param: 1.0
2021-10-06 20:15:49 [INFO ]  	input_size: 28
2021-10-06 20:15:49 [INFO ]  	log_file: ./results/distill_basic/MNIST/arch(LeNet,xavier,1.0)_distillLR0.02_E(100,40,0.5)_lr0.01_B1x10x3_train(unknown_init)/output.log
2021-10-06 20:15:49 [INFO ]  	log_interval: 100
2021-10-06 20:15:49 [INFO ]  	log_level: INFO
2021-10-06 20:15:49 [INFO ]  	lr: 0.01
2021-10-06 20:15:49 [INFO ]  	mode: distill_basic
2021-10-06 20:15:49 [INFO ]  	model_dir: ./models/
2021-10-06 20:15:49 [INFO ]  	model_subdir_format: null
2021-10-06 20:15:49 [INFO ]  	n_nets: 1
2021-10-06 20:15:49 [INFO ]  	nc: 1
2021-10-06 20:15:49 [INFO ]  	no_log: false
2021-10-06 20:15:49 [INFO ]  	num_classes: 10
2021-10-06 20:15:49 [INFO ]  	num_workers: 8
2021-10-06 20:15:49 [INFO ]  	phase: train
2021-10-06 20:15:49 [INFO ]  	results_dir: ./results/
2021-10-06 20:15:49 [INFO ]  	sample_n_nets: 1
2021-10-06 20:15:49 [INFO ]  	source_dataset: null
2021-10-06 20:15:49 [INFO ]  	start_time: '2021-10-06 20:15:49'
2021-10-06 20:15:49 [INFO ]  	target_class: 1
2021-10-06 20:15:49 [INFO ]  	test_batch_size: 1024
2021-10-06 20:15:49 [INFO ]  	test_distill_epochs: null
2021-10-06 20:15:49 [INFO ]  	test_distilled_images: loaded
2021-10-06 20:15:49 [INFO ]  	test_distilled_lrs:
2021-10-06 20:15:49 [INFO ]  	- loaded
2021-10-06 20:15:49 [INFO ]  	test_n_nets: 1
2021-10-06 20:15:49 [INFO ]  	test_n_runs: 1
2021-10-06 20:15:49 [INFO ]  	test_name_format: null
2021-10-06 20:15:49 [INFO ]  	test_nets_type: unknown_init
2021-10-06 20:15:49 [INFO ]  	test_niter: 1
2021-10-06 20:15:49 [INFO ]  	test_optimize_n_nets: 20
2021-10-06 20:15:49 [INFO ]  	test_optimize_n_runs: null
2021-10-06 20:15:49 [INFO ]  	train_nets_type: unknown_init
2021-10-06 20:15:49 [INFO ]  	world_rank: 0
2021-10-06 20:15:49 [INFO ]  	world_size: 1
2021-10-06 20:15:49 [INFO ]  	
2021-10-06 20:15:49 [WARNING]  ./results/distill_basic/MNIST/arch(LeNet,xavier,1.0)_distillLR0.02_E(100,40,0.5)_lr0.01_B1x10x3_train(unknown_init)/opt.yaml already exists, moved to ./results/distill_basic/MNIST/arch(LeNet,xavier,1.0)_distillLR0.02_E(100,40,0.5)_lr0.01_B1x10x3_train(unknown_init)/old_opts/opt_2021_10_06__20_10_54.yaml
2021-10-06 20:15:49 [INFO ]  train dataset size:	60000
2021-10-06 20:15:49 [INFO ]  test dataset size: 	10000
2021-10-06 20:15:49 [INFO ]  datasets built!
2021-10-06 20:15:49 [INFO ]  mode: distill_basic, phase: train
2021-10-06 20:15:49 [INFO ]  Build 1 LeNet network(s) with [xavier(1.0)] init
2021-10-06 20:15:51 [INFO ]  Build 1 LeNet network(s) with [xavier(1.0)] init
2021-10-06 20:15:51 [INFO ]  Train 10 steps iterated for 3 epochs
2021-10-06 20:15:52 [INFO ]  Results saved to ./results/distill_basic/MNIST/arch(LeNet,xavier,1.0)_distillLR0.02_E(100,40,0.5)_lr0.01_B1x10x3_train(unknown_init)/checkpoints/epoch0000/results.pth
2021-10-06 20:15:52 [INFO ]  
2021-10-06 20:15:52 [INFO ]  Begin of epoch 0 :
2021-10-06 20:15:53 [INFO ]  
2021-10-06 20:15:53 [INFO ]  Epoch:    0 [      0/  60000 ( 0%)]	Loss: 2.3554	Data Time: 0.55s	Train Time: 0.20s
2021-10-06 20:16:02 [INFO ]  Epoch:    1 [      0/  60000 ( 0%)]	Loss: 2.0852	Data Time: 0.08s	Train Time: 0.16s
2021-10-06 20:16:12 [INFO ]  Epoch:    2 [      0/  60000 ( 0%)]	Loss: 1.0380	Data Time: 0.06s	Train Time: 0.16s
2021-10-06 20:16:21 [INFO ]  Epoch:    3 [      0/  60000 ( 0%)]	Loss: 1.6316	Data Time: 0.06s	Train Time: 0.14s
2021-10-06 20:16:31 [INFO ]  Epoch:    4 [      0/  60000 ( 0%)]	Loss: 1.0745	Data Time: 0.07s	Train Time: 0.15s
2021-10-06 20:16:40 [INFO ]  Epoch:    5 [      0/  60000 ( 0%)]	Loss: 1.0375	Data Time: 0.07s	Train Time: 0.14s
2021-10-06 20:16:50 [INFO ]  Epoch:    6 [      0/  60000 ( 0%)]	Loss: 0.7813	Data Time: 0.07s	Train Time: 0.11s
2021-10-06 20:16:59 [INFO ]  Epoch:    7 [      0/  60000 ( 0%)]	Loss: 0.7440	Data Time: 0.09s	Train Time: 0.15s
2021-10-06 20:17:08 [INFO ]  Epoch:    8 [      0/  60000 ( 0%)]	Loss: 0.8390	Data Time: 0.07s	Train Time: 0.15s
2021-10-06 20:17:18 [INFO ]  Epoch:    9 [      0/  60000 ( 0%)]	Loss: 0.7183	Data Time: 0.07s	Train Time: 0.16s
2021-10-06 20:17:27 [INFO ]  Results saved to ./results/distill_basic/MNIST/arch(LeNet,xavier,1.0)_distillLR0.02_E(100,40,0.5)_lr0.01_B1x10x3_train(unknown_init)/checkpoints/epoch0010/results.pth
2021-10-06 20:17:27 [INFO ]  
2021-10-06 20:17:27 [INFO ]  Begin of epoch 10 :
2021-10-06 20:17:28 [INFO ]  
2021-10-06 20:17:28 [INFO ]  Epoch:   10 [      0/  60000 ( 0%)]	Loss: 0.7435	Data Time: 0.10s	Train Time: 0.16s
2021-10-06 20:17:37 [INFO ]  Epoch:   11 [      0/  60000 ( 0%)]	Loss: 0.7335	Data Time: 0.08s	Train Time: 0.16s
2021-10-06 20:17:47 [INFO ]  Epoch:   12 [      0/  60000 ( 0%)]	Loss: 0.8792	Data Time: 0.09s	Train Time: 0.15s
2021-10-06 20:17:56 [INFO ]  Epoch:   13 [      0/  60000 ( 0%)]	Loss: 0.9669	Data Time: 0.08s	Train Time: 0.15s
2021-10-06 20:18:06 [INFO ]  Epoch:   14 [      0/  60000 ( 0%)]	Loss: 0.5877	Data Time: 0.08s	Train Time: 0.17s
2021-10-06 20:18:15 [INFO ]  Epoch:   15 [      0/  60000 ( 0%)]	Loss: 0.8608	Data Time: 0.06s	Train Time: 0.11s
2021-10-06 20:18:25 [INFO ]  Epoch:   16 [      0/  60000 ( 0%)]	Loss: 0.7436	Data Time: 0.07s	Train Time: 0.16s
2021-10-06 20:18:34 [INFO ]  Epoch:   17 [      0/  60000 ( 0%)]	Loss: 0.8570	Data Time: 0.07s	Train Time: 0.14s
2021-10-06 20:18:44 [INFO ]  Epoch:   18 [      0/  60000 ( 0%)]	Loss: 0.6468	Data Time: 0.09s	Train Time: 0.15s
2021-10-06 20:18:53 [INFO ]  Epoch:   19 [      0/  60000 ( 0%)]	Loss: 0.8883	Data Time: 0.07s	Train Time: 0.09s
2021-10-06 20:19:02 [INFO ]  Results saved to ./results/distill_basic/MNIST/arch(LeNet,xavier,1.0)_distillLR0.02_E(100,40,0.5)_lr0.01_B1x10x3_train(unknown_init)/checkpoints/epoch0020/results.pth
2021-10-06 20:19:02 [INFO ]  
2021-10-06 20:19:02 [INFO ]  Begin of epoch 20 :
2021-10-06 20:19:03 [INFO ]  
2021-10-06 20:19:03 [INFO ]  Epoch:   20 [      0/  60000 ( 0%)]	Loss: 0.6493	Data Time: 0.07s	Train Time: 0.16s
2021-10-06 20:19:13 [INFO ]  Epoch:   21 [      0/  60000 ( 0%)]	Loss: 0.7112	Data Time: 0.07s	Train Time: 0.16s
2021-10-06 20:19:22 [INFO ]  Epoch:   22 [      0/  60000 ( 0%)]	Loss: 0.7169	Data Time: 0.07s	Train Time: 0.16s
2021-10-06 20:19:31 [INFO ]  Epoch:   23 [      0/  60000 ( 0%)]	Loss: 0.8360	Data Time: 0.07s	Train Time: 0.10s
2021-10-06 20:19:41 [INFO ]  Epoch:   24 [      0/  60000 ( 0%)]	Loss: 0.8231	Data Time: 0.07s	Train Time: 0.16s
2021-10-06 20:19:50 [INFO ]  Epoch:   25 [      0/  60000 ( 0%)]	Loss: 2.1304	Data Time: 0.07s	Train Time: 0.10s
2021-10-06 20:19:59 [INFO ]  Epoch:   26 [      0/  60000 ( 0%)]	Loss: 0.5349	Data Time: 0.10s	Train Time: 0.16s
2021-10-06 20:20:09 [INFO ]  Epoch:   27 [      0/  60000 ( 0%)]	Loss: 2.1093	Data Time: 0.06s	Train Time: 0.14s
2021-10-06 20:20:18 [INFO ]  Epoch:   28 [      0/  60000 ( 0%)]	Loss: 0.6411	Data Time: 0.08s	Train Time: 0.14s
2021-10-06 20:20:28 [INFO ]  Epoch:   29 [      0/  60000 ( 0%)]	Loss: 0.8788	Data Time: 0.07s	Train Time: 0.15s
2021-10-06 20:20:37 [INFO ]  Results saved to ./results/distill_basic/MNIST/arch(LeNet,xavier,1.0)_distillLR0.02_E(100,40,0.5)_lr0.01_B1x10x3_train(unknown_init)/checkpoints/epoch0030/results.pth
2021-10-06 20:20:37 [INFO ]  
2021-10-06 20:20:37 [INFO ]  Begin of epoch 30 :
2021-10-06 20:20:38 [INFO ]  
2021-10-06 20:20:38 [INFO ]  Epoch:   30 [      0/  60000 ( 0%)]	Loss: 0.6970	Data Time: 0.06s	Train Time: 0.16s
2021-10-06 20:20:47 [INFO ]  Epoch:   31 [      0/  60000 ( 0%)]	Loss: 0.7813	Data Time: 0.08s	Train Time: 0.15s
2021-10-06 20:20:57 [INFO ]  Epoch:   32 [      0/  60000 ( 0%)]	Loss: 0.8596	Data Time: 0.07s	Train Time: 0.15s
2021-10-06 20:21:06 [INFO ]  Epoch:   33 [      0/  60000 ( 0%)]	Loss: 1.0821	Data Time: 0.07s	Train Time: 0.14s
2021-10-06 20:21:16 [INFO ]  Epoch:   34 [      0/  60000 ( 0%)]	Loss: 0.8687	Data Time: 0.08s	Train Time: 0.16s
2021-10-06 20:21:25 [INFO ]  Epoch:   35 [      0/  60000 ( 0%)]	Loss: 0.6775	Data Time: 0.07s	Train Time: 0.16s
2021-10-06 20:21:34 [INFO ]  Epoch:   36 [      0/  60000 ( 0%)]	Loss: 0.8456	Data Time: 0.08s	Train Time: 0.16s
2021-10-06 20:21:44 [INFO ]  Epoch:   37 [      0/  60000 ( 0%)]	Loss: 0.8845	Data Time: 0.07s	Train Time: 0.13s
2021-10-06 20:21:53 [INFO ]  Epoch:   38 [      0/  60000 ( 0%)]	Loss: 0.8076	Data Time: 0.07s	Train Time: 0.14s
2021-10-06 20:22:03 [INFO ]  Epoch:   39 [      0/  60000 ( 0%)]	Loss: 0.9295	Data Time: 0.07s	Train Time: 0.15s
2021-10-06 20:22:12 [INFO ]  Results saved to ./results/distill_basic/MNIST/arch(LeNet,xavier,1.0)_distillLR0.02_E(100,40,0.5)_lr0.01_B1x10x3_train(unknown_init)/checkpoints/epoch0040/results.pth
2021-10-06 20:22:12 [INFO ]  
2021-10-06 20:22:12 [INFO ]  Begin of epoch 40 :
2021-10-06 20:22:13 [INFO ]  
2021-10-06 20:22:13 [INFO ]  Epoch:   40 [      0/  60000 ( 0%)]	Loss: 0.8012	Data Time: 0.07s	Train Time: 0.16s
2021-10-06 20:22:22 [INFO ]  Epoch:   41 [      0/  60000 ( 0%)]	Loss: 0.7358	Data Time: 0.09s	Train Time: 0.16s
2021-10-06 20:22:32 [INFO ]  Epoch:   42 [      0/  60000 ( 0%)]	Loss: 0.9319	Data Time: 0.08s	Train Time: 0.15s
2021-10-06 20:22:41 [INFO ]  Epoch:   43 [      0/  60000 ( 0%)]	Loss: 0.8764	Data Time: 0.07s	Train Time: 0.10s
2021-10-06 20:22:50 [INFO ]  Epoch:   44 [      0/  60000 ( 0%)]	Loss: 0.7186	Data Time: 0.07s	Train Time: 0.14s
2021-10-06 20:23:00 [INFO ]  Epoch:   45 [      0/  60000 ( 0%)]	Loss: 1.0977	Data Time: 0.07s	Train Time: 0.16s
2021-10-06 20:23:09 [INFO ]  Epoch:   46 [      0/  60000 ( 0%)]	Loss: 0.7491	Data Time: 0.07s	Train Time: 0.14s
2021-10-06 20:23:18 [INFO ]  Epoch:   47 [      0/  60000 ( 0%)]	Loss: 1.0485	Data Time: 0.07s	Train Time: 0.12s
2021-10-06 20:23:28 [INFO ]  Epoch:   48 [      0/  60000 ( 0%)]	Loss: 1.2115	Data Time: 0.07s	Train Time: 0.10s
2021-10-06 20:23:37 [INFO ]  Epoch:   49 [      0/  60000 ( 0%)]	Loss: 0.8877	Data Time: 0.08s	Train Time: 0.14s
2021-10-06 20:23:46 [INFO ]  Results saved to ./results/distill_basic/MNIST/arch(LeNet,xavier,1.0)_distillLR0.02_E(100,40,0.5)_lr0.01_B1x10x3_train(unknown_init)/checkpoints/epoch0050/results.pth
2021-10-06 20:23:46 [INFO ]  
2021-10-06 20:23:46 [INFO ]  Begin of epoch 50 :
2021-10-06 20:23:47 [INFO ]  
2021-10-06 20:23:47 [INFO ]  Epoch:   50 [      0/  60000 ( 0%)]	Loss: 0.8945	Data Time: 0.07s	Train Time: 0.15s
2021-10-06 20:23:57 [INFO ]  Epoch:   51 [      0/  60000 ( 0%)]	Loss: 0.7229	Data Time: 0.08s	Train Time: 0.17s
2021-10-06 20:24:06 [INFO ]  Epoch:   52 [      0/  60000 ( 0%)]	Loss: 0.6888	Data Time: 0.07s	Train Time: 0.15s
2021-10-06 20:24:15 [INFO ]  Epoch:   53 [      0/  60000 ( 0%)]	Loss: 0.7344	Data Time: 0.07s	Train Time: 0.11s
2021-10-06 20:24:25 [INFO ]  Epoch:   54 [      0/  60000 ( 0%)]	Loss: 0.7403	Data Time: 0.07s	Train Time: 0.14s
2021-10-06 20:24:34 [INFO ]  Epoch:   55 [      0/  60000 ( 0%)]	Loss: 0.7255	Data Time: 0.07s	Train Time: 0.14s
2021-10-06 20:24:43 [INFO ]  Epoch:   56 [      0/  60000 ( 0%)]	Loss: 0.7497	Data Time: 0.07s	Train Time: 0.16s
2021-10-06 20:24:53 [INFO ]  Epoch:   57 [      0/  60000 ( 0%)]	Loss: 0.8269	Data Time: 0.06s	Train Time: 0.14s
2021-10-06 20:25:02 [INFO ]  Epoch:   58 [      0/  60000 ( 0%)]	Loss: 0.7548	Data Time: 0.07s	Train Time: 0.16s
2021-10-06 20:25:12 [INFO ]  Epoch:   59 [      0/  60000 ( 0%)]	Loss: 0.7040	Data Time: 0.07s	Train Time: 0.12s
2021-10-06 20:25:21 [INFO ]  Results saved to ./results/distill_basic/MNIST/arch(LeNet,xavier,1.0)_distillLR0.02_E(100,40,0.5)_lr0.01_B1x10x3_train(unknown_init)/checkpoints/epoch0060/results.pth
2021-10-06 20:25:21 [INFO ]  
2021-10-06 20:25:21 [INFO ]  Begin of epoch 60 :
2021-10-06 20:25:22 [INFO ]  
2021-10-06 20:25:22 [INFO ]  Epoch:   60 [      0/  60000 ( 0%)]	Loss: 0.8596	Data Time: 0.08s	Train Time: 0.16s
2021-10-06 20:25:31 [INFO ]  Epoch:   61 [      0/  60000 ( 0%)]	Loss: 0.8800	Data Time: 0.07s	Train Time: 0.14s
2021-10-06 20:25:41 [INFO ]  Epoch:   62 [      0/  60000 ( 0%)]	Loss: 2.1913	Data Time: 0.11s	Train Time: 0.16s
2021-10-06 20:25:50 [INFO ]  Epoch:   63 [      0/  60000 ( 0%)]	Loss: 0.8198	Data Time: 0.06s	Train Time: 0.14s
2021-10-06 20:26:00 [INFO ]  Epoch:   64 [      0/  60000 ( 0%)]	Loss: 0.8259	Data Time: 0.10s	Train Time: 0.15s
2021-10-06 20:26:09 [INFO ]  Epoch:   65 [      0/  60000 ( 0%)]	Loss: 0.7109	Data Time: 0.07s	Train Time: 0.10s
2021-10-06 20:26:18 [INFO ]  Epoch:   66 [      0/  60000 ( 0%)]	Loss: 2.2859	Data Time: 0.07s	Train Time: 0.15s
2021-10-06 20:26:28 [INFO ]  Epoch:   67 [      0/  60000 ( 0%)]	Loss: 0.8340	Data Time: 0.08s	Train Time: 0.16s
2021-10-06 20:26:37 [INFO ]  Epoch:   68 [      0/  60000 ( 0%)]	Loss: 0.9111	Data Time: 0.06s	Train Time: 0.14s
2021-10-06 20:26:47 [INFO ]  Epoch:   69 [      0/  60000 ( 0%)]	Loss: 1.0233	Data Time: 0.07s	Train Time: 0.15s
2021-10-06 20:26:56 [INFO ]  Results saved to ./results/distill_basic/MNIST/arch(LeNet,xavier,1.0)_distillLR0.02_E(100,40,0.5)_lr0.01_B1x10x3_train(unknown_init)/checkpoints/epoch0070/results.pth
2021-10-06 20:26:56 [INFO ]  
2021-10-06 20:26:56 [INFO ]  Begin of epoch 70 :
2021-10-06 20:26:57 [INFO ]  
2021-10-06 20:26:57 [INFO ]  Epoch:   70 [      0/  60000 ( 0%)]	Loss: 0.7830	Data Time: 0.08s	Train Time: 0.15s
2021-10-06 20:27:06 [INFO ]  Epoch:   71 [      0/  60000 ( 0%)]	Loss: 0.7242	Data Time: 0.06s	Train Time: 0.17s
2021-10-06 20:27:16 [INFO ]  Epoch:   72 [      0/  60000 ( 0%)]	Loss: 0.7406	Data Time: 0.08s	Train Time: 0.16s
2021-10-06 20:27:25 [INFO ]  Epoch:   73 [      0/  60000 ( 0%)]	Loss: 0.7111	Data Time: 0.07s	Train Time: 0.14s
2021-10-06 20:27:35 [INFO ]  Epoch:   74 [      0/  60000 ( 0%)]	Loss: 0.8640	Data Time: 0.10s	Train Time: 0.16s
2021-10-06 20:27:44 [INFO ]  Epoch:   75 [      0/  60000 ( 0%)]	Loss: 0.9912	Data Time: 0.07s	Train Time: 0.16s
2021-10-06 20:27:54 [INFO ]  Epoch:   76 [      0/  60000 ( 0%)]	Loss: 0.7060	Data Time: 0.09s	Train Time: 0.14s
2021-10-06 20:28:03 [INFO ]  Epoch:   77 [      0/  60000 ( 0%)]	Loss: 0.8947	Data Time: 0.07s	Train Time: 0.16s
2021-10-06 20:28:13 [INFO ]  Epoch:   78 [      0/  60000 ( 0%)]	Loss: 1.0411	Data Time: 0.08s	Train Time: 0.14s
2021-10-06 20:28:22 [INFO ]  Epoch:   79 [      0/  60000 ( 0%)]	Loss: 0.7373	Data Time: 0.08s	Train Time: 0.13s
2021-10-06 20:28:31 [INFO ]  Results saved to ./results/distill_basic/MNIST/arch(LeNet,xavier,1.0)_distillLR0.02_E(100,40,0.5)_lr0.01_B1x10x3_train(unknown_init)/checkpoints/epoch0080/results.pth
2021-10-06 20:28:31 [INFO ]  
2021-10-06 20:28:31 [INFO ]  Begin of epoch 80 :
2021-10-06 20:28:32 [INFO ]  
2021-10-06 20:28:32 [INFO ]  Epoch:   80 [      0/  60000 ( 0%)]	Loss: 0.7496	Data Time: 0.07s	Train Time: 0.16s
2021-10-06 20:28:42 [INFO ]  Epoch:   81 [      0/  60000 ( 0%)]	Loss: 0.8169	Data Time: 0.09s	Train Time: 0.15s
2021-10-06 20:28:51 [INFO ]  Epoch:   82 [      0/  60000 ( 0%)]	Loss: 0.7113	Data Time: 0.07s	Train Time: 0.15s
2021-10-06 20:29:01 [INFO ]  Epoch:   83 [      0/  60000 ( 0%)]	Loss: 0.9705	Data Time: 0.07s	Train Time: 0.14s
2021-10-06 20:29:10 [INFO ]  Epoch:   84 [      0/  60000 ( 0%)]	Loss: 0.8057	Data Time: 0.07s	Train Time: 0.15s
2021-10-06 20:29:19 [INFO ]  Epoch:   85 [      0/  60000 ( 0%)]	Loss: 0.8596	Data Time: 0.07s	Train Time: 0.16s
2021-10-06 20:29:29 [INFO ]  Epoch:   86 [      0/  60000 ( 0%)]	Loss: 1.0904	Data Time: 0.07s	Train Time: 0.15s
2021-10-06 20:29:38 [INFO ]  Epoch:   87 [      0/  60000 ( 0%)]	Loss: 0.7537	Data Time: 0.07s	Train Time: 0.10s
2021-10-06 20:29:47 [INFO ]  Epoch:   88 [      0/  60000 ( 0%)]	Loss: 0.8064	Data Time: 0.08s	Train Time: 0.13s
2021-10-06 20:29:56 [INFO ]  Epoch:   89 [      0/  60000 ( 0%)]	Loss: 0.6526	Data Time: 0.07s	Train Time: 0.14s
2021-10-06 20:30:06 [INFO ]  Results saved to ./results/distill_basic/MNIST/arch(LeNet,xavier,1.0)_distillLR0.02_E(100,40,0.5)_lr0.01_B1x10x3_train(unknown_init)/checkpoints/epoch0090/results.pth
2021-10-06 20:30:06 [INFO ]  
2021-10-06 20:30:06 [INFO ]  Begin of epoch 90 :
2021-10-06 20:30:06 [INFO ]  
2021-10-06 20:30:07 [INFO ]  Epoch:   90 [      0/  60000 ( 0%)]	Loss: 0.7870	Data Time: 0.08s	Train Time: 0.16s
2021-10-06 20:30:16 [INFO ]  Epoch:   91 [      0/  60000 ( 0%)]	Loss: 0.7742	Data Time: 0.10s	Train Time: 0.15s
2021-10-06 20:30:26 [INFO ]  Epoch:   92 [      0/  60000 ( 0%)]	Loss: 0.7786	Data Time: 0.08s	Train Time: 0.16s
2021-10-06 20:30:35 [INFO ]  Epoch:   93 [      0/  60000 ( 0%)]	Loss: 0.8582	Data Time: 0.08s	Train Time: 0.16s
2021-10-06 20:30:45 [INFO ]  Epoch:   94 [      0/  60000 ( 0%)]	Loss: 0.7143	Data Time: 0.10s	Train Time: 0.16s
2021-10-06 20:30:54 [INFO ]  Epoch:   95 [      0/  60000 ( 0%)]	Loss: 0.9570	Data Time: 0.07s	Train Time: 0.14s
2021-10-06 20:31:03 [INFO ]  Epoch:   96 [      0/  60000 ( 0%)]	Loss: 0.8355	Data Time: 0.07s	Train Time: 0.15s
2021-10-06 20:31:13 [INFO ]  Epoch:   97 [      0/  60000 ( 0%)]	Loss: 0.8965	Data Time: 0.08s	Train Time: 0.15s
2021-10-06 20:31:22 [INFO ]  Epoch:   98 [      0/  60000 ( 0%)]	Loss: 0.7926	Data Time: 0.07s	Train Time: 0.10s
2021-10-06 20:31:32 [INFO ]  Epoch:   99 [      0/  60000 ( 0%)]	Loss: 0.7492	Data Time: 0.07s	Train Time: 0.11s
2021-10-06 20:31:41 [INFO ]  Results saved to ./results/distill_basic/MNIST/arch(LeNet,xavier,1.0)_distillLR0.02_E(100,40,0.5)_lr0.01_B1x10x3_train(unknown_init)/results.pth
2021-10-06 20:31:41 [INFO ]  
2021-10-06 20:31:41 [INFO ]  distilled with 10 steps and 3 epochs  (test ALL):
2021-10-06 20:31:42 [INFO ]  
