2021-09-30 13:04:05 [INFO ]  ======================================== 2021-09-30 13:04:05 ========================================
2021-09-30 13:04:05 [INFO ]  Base directory is ./results/distill_basic/MNIST/arch(LeNet,xavier,1.0)_distillLR0.02_E(2,40,0.5)_lr0.01_B1x10x3_train(unknown_init)
2021-09-30 13:04:05 [INFO ]  Options: 
2021-09-30 13:04:05 [INFO ]  	arch: LeNet
2021-09-30 13:04:05 [INFO ]  	attack_class: 0
2021-09-30 13:04:05 [INFO ]  	base_seed: 1
2021-09-30 13:04:05 [INFO ]  	batch_size: 1024
2021-09-30 13:04:05 [INFO ]  	checkpoint_interval: 10
2021-09-30 13:04:05 [INFO ]  	dataset: MNIST
2021-09-30 13:04:05 [INFO ]  	dataset_labels:
2021-09-30 13:04:05 [INFO ]  	- 0
2021-09-30 13:04:05 [INFO ]  	- 1
2021-09-30 13:04:05 [INFO ]  	- 2
2021-09-30 13:04:05 [INFO ]  	- 3
2021-09-30 13:04:05 [INFO ]  	- 4
2021-09-30 13:04:05 [INFO ]  	- 5
2021-09-30 13:04:05 [INFO ]  	- 6
2021-09-30 13:04:05 [INFO ]  	- 7
2021-09-30 13:04:05 [INFO ]  	- 8
2021-09-30 13:04:05 [INFO ]  	- 9
2021-09-30 13:04:05 [INFO ]  	dataset_normalization: !!python/tuple
2021-09-30 13:04:05 [INFO ]  	- !!python/tuple
2021-09-30 13:04:05 [INFO ]  	    - 0.1307
2021-09-30 13:04:05 [INFO ]  	- !!python/tuple
2021-09-30 13:04:05 [INFO ]  	    - 0.3081
2021-09-30 13:04:05 [INFO ]  	dataset_root: ./data/mnist
2021-09-30 13:04:05 [INFO ]  	decay_epochs: 40
2021-09-30 13:04:05 [INFO ]  	decay_factor: 0.5
2021-09-30 13:04:05 [INFO ]  	device_id: 0
2021-09-30 13:04:05 [INFO ]  	distill_epochs: 3
2021-09-30 13:04:05 [INFO ]  	distill_lr: 0.02
2021-09-30 13:04:05 [INFO ]  	distill_steps: 10
2021-09-30 13:04:05 [INFO ]  	distilled_images_per_class_per_step: 1
2021-09-30 13:04:05 [INFO ]  	distributed: false
2021-09-30 13:04:05 [INFO ]  	dropout: false
2021-09-30 13:04:05 [INFO ]  	epochs: 2
2021-09-30 13:04:05 [INFO ]  	expr_name_format: null
2021-09-30 13:04:05 [INFO ]  	image_dpi: 80
2021-09-30 13:04:05 [INFO ]  	init: xavier
2021-09-30 13:04:05 [INFO ]  	init_param: 1.0
2021-09-30 13:04:05 [INFO ]  	input_size: 28
2021-09-30 13:04:05 [INFO ]  	log_file: ./results/distill_basic/MNIST/arch(LeNet,xavier,1.0)_distillLR0.02_E(2,40,0.5)_lr0.01_B1x10x3_train(unknown_init)/output.log
2021-09-30 13:04:05 [INFO ]  	log_interval: 100
2021-09-30 13:04:05 [INFO ]  	log_level: INFO
2021-09-30 13:04:05 [INFO ]  	lr: 0.01
2021-09-30 13:04:05 [INFO ]  	mode: distill_basic
2021-09-30 13:04:05 [INFO ]  	model_dir: ./models/
2021-09-30 13:04:05 [INFO ]  	model_subdir_format: null
2021-09-30 13:04:05 [INFO ]  	n_nets: 1
2021-09-30 13:04:05 [INFO ]  	nc: 1
2021-09-30 13:04:05 [INFO ]  	no_log: false
2021-09-30 13:04:05 [INFO ]  	num_classes: 10
2021-09-30 13:04:05 [INFO ]  	num_workers: 8
2021-09-30 13:04:05 [INFO ]  	phase: train
2021-09-30 13:04:05 [INFO ]  	results_dir: ./results/
2021-09-30 13:04:05 [INFO ]  	sample_n_nets: 1
2021-09-30 13:04:05 [INFO ]  	source_dataset: null
2021-09-30 13:04:05 [INFO ]  	start_time: '2021-09-30 13:04:05'
2021-09-30 13:04:05 [INFO ]  	target_class: 1
2021-09-30 13:04:05 [INFO ]  	test_batch_size: 1024
2021-09-30 13:04:05 [INFO ]  	test_distill_epochs: null
2021-09-30 13:04:05 [INFO ]  	test_distilled_images: loaded
2021-09-30 13:04:05 [INFO ]  	test_distilled_lrs:
2021-09-30 13:04:05 [INFO ]  	- loaded
2021-09-30 13:04:05 [INFO ]  	test_n_nets: 1
2021-09-30 13:04:05 [INFO ]  	test_n_runs: 1
2021-09-30 13:04:05 [INFO ]  	test_name_format: null
2021-09-30 13:04:05 [INFO ]  	test_nets_type: unknown_init
2021-09-30 13:04:05 [INFO ]  	test_niter: 1
2021-09-30 13:04:05 [INFO ]  	test_optimize_n_nets: 20
2021-09-30 13:04:05 [INFO ]  	test_optimize_n_runs: null
2021-09-30 13:04:05 [INFO ]  	train_nets_type: unknown_init
2021-09-30 13:04:05 [INFO ]  	world_rank: 0
2021-09-30 13:04:05 [INFO ]  	world_size: 1
2021-09-30 13:04:05 [INFO ]  	
2021-09-30 13:04:05 [INFO ]  train dataset size:	60000
2021-09-30 13:04:05 [INFO ]  test dataset size: 	10000
2021-09-30 13:04:05 [INFO ]  datasets built!
2021-09-30 13:04:05 [INFO ]  mode: distill_basic, phase: train
2021-09-30 13:04:05 [INFO ]  Build 1 LeNet network(s) with [xavier(1.0)] init
2021-09-30 13:04:08 [INFO ]  Build 1 LeNet network(s) with [xavier(1.0)] init
2021-09-30 13:04:08 [INFO ]  Train 10 steps iterated for 3 epochs
2021-09-30 13:04:08 [INFO ]  Results saved to ./results/distill_basic/MNIST/arch(LeNet,xavier,1.0)_distillLR0.02_E(2,40,0.5)_lr0.01_B1x10x3_train(unknown_init)/checkpoints/epoch0000/results.pth
2021-09-30 13:04:08 [INFO ]  
2021-09-30 13:04:08 [INFO ]  Begin of epoch 0 :
2021-09-30 13:04:09 [INFO ]  
2021-09-30 13:04:09 [INFO ]  Epoch:    0 [      0/  60000 ( 0%)]	Loss: 2.3512	Data Time: 0.54s	Train Time: 0.20s
2021-09-30 13:04:19 [INFO ]  Epoch:    1 [      0/  60000 ( 0%)]	Loss: 2.2799	Data Time: 0.09s	Train Time: 0.13s
2021-09-30 13:04:27 [INFO ]  Results saved to ./results/distill_basic/MNIST/arch(LeNet,xavier,1.0)_distillLR0.02_E(2,40,0.5)_lr0.01_B1x10x3_train(unknown_init)/results.pth
2021-09-30 13:04:27 [INFO ]  
2021-09-30 13:04:27 [INFO ]  distilled with 10 steps and 3 epochs  (test ALL):
2021-09-30 13:04:29 [INFO ]  
2021-09-30 13:05:07 [INFO ]  ======================================== 2021-09-30 13:05:07 ========================================
2021-09-30 13:05:07 [INFO ]  Base directory is ./results/distill_basic/MNIST/arch(LeNet,xavier,1.0)_distillLR0.02_E(2,40,0.5)_lr0.01_B1x10x3_train(unknown_init)
2021-09-30 13:05:07 [INFO ]  Options: 
2021-09-30 13:05:07 [INFO ]  	arch: LeNet
2021-09-30 13:05:07 [INFO ]  	attack_class: 0
2021-09-30 13:05:07 [INFO ]  	base_seed: 1
2021-09-30 13:05:07 [INFO ]  	batch_size: 1024
2021-09-30 13:05:07 [INFO ]  	checkpoint_interval: 10
2021-09-30 13:05:07 [INFO ]  	dataset: MNIST
2021-09-30 13:05:07 [INFO ]  	dataset_labels:
2021-09-30 13:05:07 [INFO ]  	- 0
2021-09-30 13:05:07 [INFO ]  	- 1
2021-09-30 13:05:07 [INFO ]  	- 2
2021-09-30 13:05:07 [INFO ]  	- 3
2021-09-30 13:05:07 [INFO ]  	- 4
2021-09-30 13:05:07 [INFO ]  	- 5
2021-09-30 13:05:07 [INFO ]  	- 6
2021-09-30 13:05:07 [INFO ]  	- 7
2021-09-30 13:05:07 [INFO ]  	- 8
2021-09-30 13:05:07 [INFO ]  	- 9
2021-09-30 13:05:07 [INFO ]  	dataset_normalization: !!python/tuple
2021-09-30 13:05:07 [INFO ]  	- !!python/tuple
2021-09-30 13:05:07 [INFO ]  	    - 0.1307
2021-09-30 13:05:07 [INFO ]  	- !!python/tuple
2021-09-30 13:05:07 [INFO ]  	    - 0.3081
2021-09-30 13:05:07 [INFO ]  	dataset_root: ./data/mnist
2021-09-30 13:05:07 [INFO ]  	decay_epochs: 40
2021-09-30 13:05:07 [INFO ]  	decay_factor: 0.5
2021-09-30 13:05:07 [INFO ]  	device_id: 0
2021-09-30 13:05:07 [INFO ]  	distill_epochs: 3
2021-09-30 13:05:07 [INFO ]  	distill_lr: 0.02
2021-09-30 13:05:07 [INFO ]  	distill_steps: 10
2021-09-30 13:05:07 [INFO ]  	distilled_images_per_class_per_step: 1
2021-09-30 13:05:07 [INFO ]  	distributed: false
2021-09-30 13:05:07 [INFO ]  	dropout: false
2021-09-30 13:05:07 [INFO ]  	epochs: 2
2021-09-30 13:05:07 [INFO ]  	expr_name_format: null
2021-09-30 13:05:07 [INFO ]  	image_dpi: 80
2021-09-30 13:05:07 [INFO ]  	init: xavier
2021-09-30 13:05:07 [INFO ]  	init_param: 1.0
2021-09-30 13:05:07 [INFO ]  	input_size: 28
2021-09-30 13:05:07 [INFO ]  	log_file: ./results/distill_basic/MNIST/arch(LeNet,xavier,1.0)_distillLR0.02_E(2,40,0.5)_lr0.01_B1x10x3_train(unknown_init)/output.log
2021-09-30 13:05:07 [INFO ]  	log_interval: 100
2021-09-30 13:05:07 [INFO ]  	log_level: INFO
2021-09-30 13:05:07 [INFO ]  	lr: 0.01
2021-09-30 13:05:07 [INFO ]  	mode: distill_basic
2021-09-30 13:05:07 [INFO ]  	model_dir: ./models
2021-09-30 13:05:07 [INFO ]  	model_subdir_format: null
2021-09-30 13:05:07 [INFO ]  	n_nets: 1
2021-09-30 13:05:07 [INFO ]  	nc: 1
2021-09-30 13:05:07 [INFO ]  	no_log: false
2021-09-30 13:05:07 [INFO ]  	num_classes: 10
2021-09-30 13:05:07 [INFO ]  	num_workers: 8
2021-09-30 13:05:07 [INFO ]  	phase: train
2021-09-30 13:05:07 [INFO ]  	results_dir: ./results/
2021-09-30 13:05:07 [INFO ]  	sample_n_nets: 1
2021-09-30 13:05:07 [INFO ]  	source_dataset: null
2021-09-30 13:05:07 [INFO ]  	start_time: '2021-09-30 13:05:07'
2021-09-30 13:05:07 [INFO ]  	target_class: 1
2021-09-30 13:05:07 [INFO ]  	test_batch_size: 1024
2021-09-30 13:05:07 [INFO ]  	test_distill_epochs: null
2021-09-30 13:05:07 [INFO ]  	test_distilled_images: loaded
2021-09-30 13:05:07 [INFO ]  	test_distilled_lrs:
2021-09-30 13:05:07 [INFO ]  	- loaded
2021-09-30 13:05:07 [INFO ]  	test_n_nets: 1
2021-09-30 13:05:07 [INFO ]  	test_n_runs: 1
2021-09-30 13:05:07 [INFO ]  	test_name_format: null
2021-09-30 13:05:07 [INFO ]  	test_nets_type: unknown_init
2021-09-30 13:05:07 [INFO ]  	test_niter: 1
2021-09-30 13:05:07 [INFO ]  	test_optimize_n_nets: 20
2021-09-30 13:05:07 [INFO ]  	test_optimize_n_runs: null
2021-09-30 13:05:07 [INFO ]  	train_nets_type: unknown_init
2021-09-30 13:05:07 [INFO ]  	world_rank: 0
2021-09-30 13:05:07 [INFO ]  	world_size: 1
2021-09-30 13:05:07 [INFO ]  	
2021-09-30 13:05:07 [WARNING]  ./results/distill_basic/MNIST/arch(LeNet,xavier,1.0)_distillLR0.02_E(2,40,0.5)_lr0.01_B1x10x3_train(unknown_init)/opt.yaml already exists, moved to ./results/distill_basic/MNIST/arch(LeNet,xavier,1.0)_distillLR0.02_E(2,40,0.5)_lr0.01_B1x10x3_train(unknown_init)/old_opts/opt_2021_09_30__13_04_05.yaml
2021-09-30 13:05:07 [INFO ]  train dataset size:	60000
2021-09-30 13:05:07 [INFO ]  test dataset size: 	10000
2021-09-30 13:05:07 [INFO ]  datasets built!
2021-09-30 13:05:07 [INFO ]  mode: distill_basic, phase: train
2021-09-30 13:05:07 [INFO ]  Build 1 LeNet network(s) with [xavier(1.0)] init
2021-09-30 13:05:10 [INFO ]  Build 1 LeNet network(s) with [xavier(1.0)] init
2021-09-30 13:05:10 [INFO ]  Train 10 steps iterated for 3 epochs
2021-09-30 13:05:10 [INFO ]  Results saved to ./results/distill_basic/MNIST/arch(LeNet,xavier,1.0)_distillLR0.02_E(2,40,0.5)_lr0.01_B1x10x3_train(unknown_init)/checkpoints/epoch0000/results.pth
2021-09-30 13:05:10 [INFO ]  
2021-09-30 13:05:10 [INFO ]  Begin of epoch 0 :
2021-09-30 13:05:11 [INFO ]  
2021-09-30 13:05:11 [INFO ]  Epoch:    0 [      0/  60000 ( 0%)]	Loss: 2.3521	Data Time: 0.52s	Train Time: 0.16s
2021-09-30 13:05:20 [INFO ]  Epoch:    1 [      0/  60000 ( 0%)]	Loss: 2.2695	Data Time: 0.07s	Train Time: 0.12s
2021-09-30 13:05:29 [INFO ]  Results saved to ./results/distill_basic/MNIST/arch(LeNet,xavier,1.0)_distillLR0.02_E(2,40,0.5)_lr0.01_B1x10x3_train(unknown_init)/results.pth
2021-09-30 13:05:29 [INFO ]  
2021-09-30 13:05:29 [INFO ]  distilled with 10 steps and 3 epochs  (test ALL):
2021-09-30 13:05:30 [INFO ]  
2021-09-30 13:06:39 [INFO ]  ======================================== 2021-09-30 13:06:39 ========================================
2021-09-30 13:06:39 [INFO ]  Base directory is ./results/distill_basic/MNIST/arch(LeNet,xavier,1.0)_distillLR0.02_E(2,40,0.5)_lr0.01_B1x10x3_train(unknown_init)
2021-09-30 13:06:39 [INFO ]  Options: 
2021-09-30 13:06:39 [INFO ]  	arch: LeNet
2021-09-30 13:06:39 [INFO ]  	attack_class: 0
2021-09-30 13:06:39 [INFO ]  	base_seed: 1
2021-09-30 13:06:39 [INFO ]  	batch_size: 1024
2021-09-30 13:06:39 [INFO ]  	checkpoint_interval: 10
2021-09-30 13:06:39 [INFO ]  	dataset: MNIST
2021-09-30 13:06:39 [INFO ]  	dataset_labels:
2021-09-30 13:06:39 [INFO ]  	- 0
2021-09-30 13:06:39 [INFO ]  	- 1
2021-09-30 13:06:39 [INFO ]  	- 2
2021-09-30 13:06:39 [INFO ]  	- 3
2021-09-30 13:06:39 [INFO ]  	- 4
2021-09-30 13:06:39 [INFO ]  	- 5
2021-09-30 13:06:39 [INFO ]  	- 6
2021-09-30 13:06:39 [INFO ]  	- 7
2021-09-30 13:06:39 [INFO ]  	- 8
2021-09-30 13:06:39 [INFO ]  	- 9
2021-09-30 13:06:39 [INFO ]  	dataset_normalization: !!python/tuple
2021-09-30 13:06:39 [INFO ]  	- !!python/tuple
2021-09-30 13:06:39 [INFO ]  	    - 0.1307
2021-09-30 13:06:39 [INFO ]  	- !!python/tuple
2021-09-30 13:06:39 [INFO ]  	    - 0.3081
2021-09-30 13:06:39 [INFO ]  	dataset_root: ./data/mnist
2021-09-30 13:06:39 [INFO ]  	decay_epochs: 40
2021-09-30 13:06:39 [INFO ]  	decay_factor: 0.5
2021-09-30 13:06:39 [INFO ]  	device_id: 0
2021-09-30 13:06:39 [INFO ]  	distill_epochs: 3
2021-09-30 13:06:39 [INFO ]  	distill_lr: 0.02
2021-09-30 13:06:39 [INFO ]  	distill_steps: 10
2021-09-30 13:06:39 [INFO ]  	distilled_images_per_class_per_step: 1
2021-09-30 13:06:39 [INFO ]  	distributed: false
2021-09-30 13:06:39 [INFO ]  	dropout: false
2021-09-30 13:06:39 [INFO ]  	epochs: 2
2021-09-30 13:06:39 [INFO ]  	expr_name_format: null
2021-09-30 13:06:39 [INFO ]  	image_dpi: 80
2021-09-30 13:06:39 [INFO ]  	init: xavier
2021-09-30 13:06:39 [INFO ]  	init_param: 1.0
2021-09-30 13:06:39 [INFO ]  	input_size: 28
2021-09-30 13:06:39 [INFO ]  	log_file: ./results/distill_basic/MNIST/arch(LeNet,xavier,1.0)_distillLR0.02_E(2,40,0.5)_lr0.01_B1x10x3_train(unknown_init)/output.log
2021-09-30 13:06:39 [INFO ]  	log_interval: 100
2021-09-30 13:06:39 [INFO ]  	log_level: INFO
2021-09-30 13:06:39 [INFO ]  	lr: 0.01
2021-09-30 13:06:39 [INFO ]  	mode: distill_basic
2021-09-30 13:06:39 [INFO ]  	model_dir: ./models
2021-09-30 13:06:39 [INFO ]  	model_subdir_format: null
2021-09-30 13:06:39 [INFO ]  	n_nets: 1
2021-09-30 13:06:39 [INFO ]  	nc: 1
2021-09-30 13:06:39 [INFO ]  	no_log: false
2021-09-30 13:06:39 [INFO ]  	num_classes: 10
2021-09-30 13:06:39 [INFO ]  	num_workers: 8
2021-09-30 13:06:39 [INFO ]  	phase: train
2021-09-30 13:06:39 [INFO ]  	results_dir: ./results/
2021-09-30 13:06:39 [INFO ]  	sample_n_nets: 1
2021-09-30 13:06:39 [INFO ]  	source_dataset: null
2021-09-30 13:06:39 [INFO ]  	start_time: '2021-09-30 13:06:39'
2021-09-30 13:06:39 [INFO ]  	target_class: 1
2021-09-30 13:06:39 [INFO ]  	test_batch_size: 1024
2021-09-30 13:06:39 [INFO ]  	test_distill_epochs: null
2021-09-30 13:06:39 [INFO ]  	test_distilled_images: loaded
2021-09-30 13:06:39 [INFO ]  	test_distilled_lrs:
2021-09-30 13:06:39 [INFO ]  	- loaded
2021-09-30 13:06:39 [INFO ]  	test_n_nets: 1
2021-09-30 13:06:39 [INFO ]  	test_n_runs: 1
2021-09-30 13:06:39 [INFO ]  	test_name_format: null
2021-09-30 13:06:39 [INFO ]  	test_nets_type: unknown_init
2021-09-30 13:06:39 [INFO ]  	test_niter: 1
2021-09-30 13:06:39 [INFO ]  	test_optimize_n_nets: 20
2021-09-30 13:06:39 [INFO ]  	test_optimize_n_runs: null
2021-09-30 13:06:39 [INFO ]  	train_nets_type: unknown_init
2021-09-30 13:06:39 [INFO ]  	world_rank: 0
2021-09-30 13:06:39 [INFO ]  	world_size: 1
2021-09-30 13:06:39 [INFO ]  	
2021-09-30 13:06:39 [WARNING]  ./results/distill_basic/MNIST/arch(LeNet,xavier,1.0)_distillLR0.02_E(2,40,0.5)_lr0.01_B1x10x3_train(unknown_init)/opt.yaml already exists, moved to ./results/distill_basic/MNIST/arch(LeNet,xavier,1.0)_distillLR0.02_E(2,40,0.5)_lr0.01_B1x10x3_train(unknown_init)/old_opts/opt_2021_09_30__13_05_07.yaml
2021-09-30 13:06:39 [INFO ]  train dataset size:	60000
2021-09-30 13:06:39 [INFO ]  test dataset size: 	10000
2021-09-30 13:06:39 [INFO ]  datasets built!
2021-09-30 13:06:39 [INFO ]  mode: distill_basic, phase: train
2021-09-30 13:06:39 [INFO ]  Build 1 LeNet network(s) with [xavier(1.0)] init
2021-09-30 13:06:42 [INFO ]  Build 1 LeNet network(s) with [xavier(1.0)] init
2021-09-30 13:06:42 [INFO ]  Train 10 steps iterated for 3 epochs
2021-09-30 13:06:42 [INFO ]  Results saved to ./results/distill_basic/MNIST/arch(LeNet,xavier,1.0)_distillLR0.02_E(2,40,0.5)_lr0.01_B1x10x3_train(unknown_init)/checkpoints/epoch0000/results.pth
2021-09-30 13:06:42 [INFO ]  
2021-09-30 13:06:42 [INFO ]  Begin of epoch 0 :
2021-09-30 13:06:43 [INFO ]  
2021-09-30 13:06:43 [INFO ]  Epoch:    0 [      0/  60000 ( 0%)]	Loss: 2.3521	Data Time: 0.52s	Train Time: 0.15s
2021-09-30 13:06:52 [INFO ]  Epoch:    1 [      0/  60000 ( 0%)]	Loss: 2.2776	Data Time: 0.09s	Train Time: 0.16s
2021-09-30 13:07:01 [INFO ]  Results saved to ./results/distill_basic/MNIST/arch(LeNet,xavier,1.0)_distillLR0.02_E(2,40,0.5)_lr0.01_B1x10x3_train(unknown_init)/results.pth
2021-09-30 13:07:01 [INFO ]  
2021-09-30 13:07:01 [INFO ]  distilled with 10 steps and 3 epochs  (test ALL):
2021-09-30 13:07:02 [INFO ]  
